Starting URL fixing process...
Found 355 processed transcript files
Processing file: processed_transcripts/vnPwS5jRTtM_processed.json
No changes needed for processed_transcripts/vnPwS5jRTtM_processed.json
Processing file: processed_transcripts/Dlw9oTPZE9c_processed.json
No changes needed for processed_transcripts/Dlw9oTPZE9c_processed.json
Processing file: processed_transcripts/g2xg3_vDRaw_processed.json
No changes needed for processed_transcripts/g2xg3_vDRaw_processed.json
Processing file: processed_transcripts/Gsy_ncfFBpo_processed.json
No changes needed for processed_transcripts/Gsy_ncfFBpo_processed.json
Processing file: processed_transcripts/S8MTHULEuBI_processed.json
No changes needed for processed_transcripts/S8MTHULEuBI_processed.json
Processing file: processed_transcripts/tVkDtu_mOjI_processed.json
No changes needed for processed_transcripts/tVkDtu_mOjI_processed.json
Processing file: processed_transcripts/vhOs3vd1BfA_processed.json
No changes needed for processed_transcripts/vhOs3vd1BfA_processed.json
Processing file: processed_transcripts/fGOxBtIqzBs_processed.json
No changes needed for processed_transcripts/fGOxBtIqzBs_processed.json
Processing file: processed_transcripts/ngil69-Hg0U_processed.json
No changes needed for processed_transcripts/ngil69-Hg0U_processed.json
Processing file: processed_transcripts/OWQs77SA_m4_processed.json
No changes needed for processed_transcripts/OWQs77SA_m4_processed.json
Processing file: processed_transcripts/mG1VfOVZp4E_processed.json
No changes needed for processed_transcripts/mG1VfOVZp4E_processed.json
Processing file: processed_transcripts/2TdIx_Bn3BY_processed.json
No changes needed for processed_transcripts/2TdIx_Bn3BY_processed.json
Processing file: processed_transcripts/fLRwLbcWWc4_processed.json
No changes needed for processed_transcripts/fLRwLbcWWc4_processed.json
Processing file: processed_transcripts/ZWGDFQTvBb8_processed.json
No changes needed for processed_transcripts/ZWGDFQTvBb8_processed.json
Processing file: processed_transcripts/JQ8yly937tE_processed.json
No changes needed for processed_transcripts/JQ8yly937tE_processed.json
Processing file: processed_transcripts/3J1_0s0qHPU_processed.json
No changes needed for processed_transcripts/3J1_0s0qHPU_processed.json
Processing file: processed_transcripts/FnVyDaukQZE_processed.json
No changes needed for processed_transcripts/FnVyDaukQZE_processed.json
Processing file: processed_transcripts/m1cO50COTFs_processed.json
No changes needed for processed_transcripts/m1cO50COTFs_processed.json
Processing file: processed_transcripts/PzWLuzDBN6k_processed.json
No changes needed for processed_transcripts/PzWLuzDBN6k_processed.json
Processing file: processed_transcripts/hXt_C7GUmlQ_processed.json
No changes needed for processed_transcripts/hXt_C7GUmlQ_processed.json
Processing file: processed_transcripts/kULv1sRl9fI_processed.json
No changes needed for processed_transcripts/kULv1sRl9fI_processed.json
Processing file: processed_transcripts/eEmORQO6WJI_processed.json
No changes needed for processed_transcripts/eEmORQO6WJI_processed.json
Processing file: processed_transcripts/UPNR9270_48_processed.json
No changes needed for processed_transcripts/UPNR9270_48_processed.json
Processing file: processed_transcripts/apJP5YqqIXg_processed.json
No changes needed for processed_transcripts/apJP5YqqIXg_processed.json
Processing file: processed_transcripts/m566Ysll78w_processed.json
No changes needed for processed_transcripts/m566Ysll78w_processed.json
Processing file: processed_transcripts/icUL4tbu8ew_processed.json
No changes needed for processed_transcripts/icUL4tbu8ew_processed.json
Processing file: processed_transcripts/f-0qnXEI7eA_processed.json
No changes needed for processed_transcripts/f-0qnXEI7eA_processed.json
Processing file: processed_transcripts/6-MMToTqJAE_processed.json
No changes needed for processed_transcripts/6-MMToTqJAE_processed.json
Processing file: processed_transcripts/80QGX7wPlJk_processed.json
No changes needed for processed_transcripts/80QGX7wPlJk_processed.json
Processing file: processed_transcripts/BhkjwgGvZGY_processed.json
No changes needed for processed_transcripts/BhkjwgGvZGY_processed.json
Processing file: processed_transcripts/w1FfibJhyUs_processed.json
No changes needed for processed_transcripts/w1FfibJhyUs_processed.json
Processing file: processed_transcripts/wFerATg5V3s_processed.json
No changes needed for processed_transcripts/wFerATg5V3s_processed.json
Processing file: processed_transcripts/GPpRFn5HUY4_processed.json
No changes needed for processed_transcripts/GPpRFn5HUY4_processed.json
Processing file: processed_transcripts/oSazFJGhkKM_processed.json
No changes needed for processed_transcripts/oSazFJGhkKM_processed.json
Processing file: processed_transcripts/JEvI6g2-h94_processed.json
No changes needed for processed_transcripts/JEvI6g2-h94_processed.json
Processing file: processed_transcripts/fauTAoPtXZo_processed.json
No changes needed for processed_transcripts/fauTAoPtXZo_processed.json
Processing file: processed_transcripts/5K0UEOLDP5k_processed.json
No changes needed for processed_transcripts/5K0UEOLDP5k_processed.json
Processing file: processed_transcripts/Nz-gQlPR1KA_processed.json
No changes needed for processed_transcripts/Nz-gQlPR1KA_processed.json
Processing file: processed_transcripts/U6PB971mSlI_processed.json
No changes needed for processed_transcripts/U6PB971mSlI_processed.json
Processing file: processed_transcripts/FqRCqLNv9FU_processed.json
No changes needed for processed_transcripts/FqRCqLNv9FU_processed.json
Processing file: processed_transcripts/6Q76ymfUDpc_processed.json
No changes needed for processed_transcripts/6Q76ymfUDpc_processed.json
Processing file: processed_transcripts/TwmxypaxWeU_processed.json
No changes needed for processed_transcripts/TwmxypaxWeU_processed.json
Processing file: processed_transcripts/d_pt7wcQRnk_processed.json
No changes needed for processed_transcripts/d_pt7wcQRnk_processed.json
Processing file: processed_transcripts/9H5G9H62lMQ_processed.json
No changes needed for processed_transcripts/9H5G9H62lMQ_processed.json
Processing file: processed_transcripts/EMzsNLXZ1bc_processed.json
No changes needed for processed_transcripts/EMzsNLXZ1bc_processed.json
Processing file: processed_transcripts/YGjNrwlRQTA_processed.json
No changes needed for processed_transcripts/YGjNrwlRQTA_processed.json
Processing file: processed_transcripts/G7gf-oXptxE_processed.json
No changes needed for processed_transcripts/G7gf-oXptxE_processed.json
Processing file: processed_transcripts/OwPmSCUS-bs_processed.json
No changes needed for processed_transcripts/OwPmSCUS-bs_processed.json
Processing file: processed_transcripts/sMmB3FoCwtI_processed.json
No changes needed for processed_transcripts/sMmB3FoCwtI_processed.json
Processing file: processed_transcripts/F5ziPM7PxPo_processed.json
No changes needed for processed_transcripts/F5ziPM7PxPo_processed.json
Processing file: processed_transcripts/PtGpKtyJfrs_processed.json
No changes needed for processed_transcripts/PtGpKtyJfrs_processed.json
Processing file: processed_transcripts/PVTMNm5dH6g_processed.json
No changes needed for processed_transcripts/PVTMNm5dH6g_processed.json
Processing file: processed_transcripts/UNsis2_Blb8_processed.json
No changes needed for processed_transcripts/UNsis2_Blb8_processed.json
Processing file: processed_transcripts/7UFLVoQVRIY_processed.json
No changes needed for processed_transcripts/7UFLVoQVRIY_processed.json
Processing file: processed_transcripts/mdhbae8WXgI_processed.json
No changes needed for processed_transcripts/mdhbae8WXgI_processed.json
Processing file: processed_transcripts/UJFQ2WJVM88_processed.json
No changes needed for processed_transcripts/UJFQ2WJVM88_processed.json
Processing file: processed_transcripts/LspC6Wx0QA8_processed.json
No changes needed for processed_transcripts/LspC6Wx0QA8_processed.json
Processing file: processed_transcripts/fB2GBnaZwYo_processed.json
No changes needed for processed_transcripts/fB2GBnaZwYo_processed.json
Processing file: processed_transcripts/G_XvH7Khulc_processed.json
No changes needed for processed_transcripts/G_XvH7Khulc_processed.json
Processing file: processed_transcripts/L2ERh_SHQZ0_processed.json
No changes needed for processed_transcripts/L2ERh_SHQZ0_processed.json
Processing file: processed_transcripts/H1ZbF5ErVyE_processed.json
No changes needed for processed_transcripts/H1ZbF5ErVyE_processed.json
Processing file: processed_transcripts/8d2PprSIK2g_processed.json
No changes needed for processed_transcripts/8d2PprSIK2g_processed.json
Processing file: processed_transcripts/DeQ8wc28Bic_processed.json
No changes needed for processed_transcripts/DeQ8wc28Bic_processed.json
Processing file: processed_transcripts/PRaZC_rUXIM_processed.json
No changes needed for processed_transcripts/PRaZC_rUXIM_processed.json
Processing file: processed_transcripts/6aRyhwnDLfo_processed.json
No changes needed for processed_transcripts/6aRyhwnDLfo_processed.json
Processing file: processed_transcripts/zjtX1A0oR2I_processed.json
No changes needed for processed_transcripts/zjtX1A0oR2I_processed.json
Processing file: processed_transcripts/78EjRKsvDQA_processed.json
No changes needed for processed_transcripts/78EjRKsvDQA_processed.json
Processing file: processed_transcripts/QWLtyhY7q50_processed.json
No changes needed for processed_transcripts/QWLtyhY7q50_processed.json
Processing file: processed_transcripts/zpbOftvWUBI_processed.json
No changes needed for processed_transcripts/zpbOftvWUBI_processed.json
Processing file: processed_transcripts/YOgMXbP9yCE_processed.json
No changes needed for processed_transcripts/YOgMXbP9yCE_processed.json
Processing file: processed_transcripts/xMVpIr1hVGs_processed.json
No changes needed for processed_transcripts/xMVpIr1hVGs_processed.json
Processing file: processed_transcripts/y5-f8abIDWs_processed.json
No changes needed for processed_transcripts/y5-f8abIDWs_processed.json
Processing file: processed_transcripts/jNQXAC9IVRw_processed.json
No changes needed for processed_transcripts/jNQXAC9IVRw_processed.json
Processing file: processed_transcripts/6ecVwRkN4hw_processed.json
No changes needed for processed_transcripts/6ecVwRkN4hw_processed.json
Processing file: processed_transcripts/qZAPN7FHxjg_processed.json
No changes needed for processed_transcripts/qZAPN7FHxjg_processed.json
Processing file: processed_transcripts/Gti8ecxsHz0_processed.json
No changes needed for processed_transcripts/Gti8ecxsHz0_processed.json
Processing file: processed_transcripts/e7RklZt2PjE_processed.json
No changes needed for processed_transcripts/e7RklZt2PjE_processed.json
Processing file: processed_transcripts/rjj0k0T0384_processed.json
No changes needed for processed_transcripts/rjj0k0T0384_processed.json
Processing file: processed_transcripts/TMNRTsBeaHE_processed.json
No changes needed for processed_transcripts/TMNRTsBeaHE_processed.json
Processing file: processed_transcripts/y9V3b-cbkr8_processed.json
No changes needed for processed_transcripts/y9V3b-cbkr8_processed.json
Processing file: processed_transcripts/NelgJJ_pL9o_processed.json
No changes needed for processed_transcripts/NelgJJ_pL9o_processed.json
Processing file: processed_transcripts/7xLGynW-FdA_processed.json
No changes needed for processed_transcripts/7xLGynW-FdA_processed.json
Processing file: processed_transcripts/hfPSSF3nRDA_processed.json
No changes needed for processed_transcripts/hfPSSF3nRDA_processed.json
Processing file: processed_transcripts/d1vwalhsuig_processed.json
No changes needed for processed_transcripts/d1vwalhsuig_processed.json
Processing file: processed_transcripts/x-2ph5i_CGQ_processed.json
No changes needed for processed_transcripts/x-2ph5i_CGQ_processed.json
Processing file: processed_transcripts/Dj0jI9ykCeU_processed.json
No changes needed for processed_transcripts/Dj0jI9ykCeU_processed.json
Processing file: processed_transcripts/mDPYNyp23y4_processed.json
No changes needed for processed_transcripts/mDPYNyp23y4_processed.json
Processing file: processed_transcripts/OVLK9aHAgHQ_processed.json
No changes needed for processed_transcripts/OVLK9aHAgHQ_processed.json
Processing file: processed_transcripts/3_VUjiChU4o_processed.json
No changes needed for processed_transcripts/3_VUjiChU4o_processed.json
Processing file: processed_transcripts/OpIcx1TbPSM_processed.json
No changes needed for processed_transcripts/OpIcx1TbPSM_processed.json
Processing file: processed_transcripts/waqORw_buvc_processed.json
No changes needed for processed_transcripts/waqORw_buvc_processed.json
Processing file: processed_transcripts/5YK9YbXMgMM_processed.json
No changes needed for processed_transcripts/5YK9YbXMgMM_processed.json
Processing file: processed_transcripts/dQw4w9WgXcQ_processed.json
No changes needed for processed_transcripts/dQw4w9WgXcQ_processed.json
Processing file: processed_transcripts/duTLDsVZng4_processed.json
No changes needed for processed_transcripts/duTLDsVZng4_processed.json
Processing file: processed_transcripts/GfSaaru0CRA_processed.json
No changes needed for processed_transcripts/GfSaaru0CRA_processed.json
Processing file: processed_transcripts/epGFY9R7U8I_processed.json
No changes needed for processed_transcripts/epGFY9R7U8I_processed.json
Processing file: processed_transcripts/UjVO61nDAoc_processed.json
No changes needed for processed_transcripts/UjVO61nDAoc_processed.json
Processing file: processed_transcripts/OeMVz36bO5A_processed.json
No changes needed for processed_transcripts/OeMVz36bO5A_processed.json
Processing file: processed_transcripts/JJv88Q2HbNM_processed.json
No changes needed for processed_transcripts/JJv88Q2HbNM_processed.json
Processing file: processed_transcripts/zRvT_B2E9tU_processed.json
No changes needed for processed_transcripts/zRvT_B2E9tU_processed.json
Processing file: processed_transcripts/pRIRA1Zj3y4_processed.json
No changes needed for processed_transcripts/pRIRA1Zj3y4_processed.json
Processing file: processed_transcripts/vys1T-VeyFg_processed.json
No changes needed for processed_transcripts/vys1T-VeyFg_processed.json
Processing file: processed_transcripts/NCZNV1K2Tcw_processed.json
No changes needed for processed_transcripts/NCZNV1K2Tcw_processed.json
Processing file: processed_transcripts/z9YbIRtXbrg_processed.json
No changes needed for processed_transcripts/z9YbIRtXbrg_processed.json
Processing file: processed_transcripts/lbpGVAWR6d0_processed.json
No changes needed for processed_transcripts/lbpGVAWR6d0_processed.json
Processing file: processed_transcripts/5aId1F_kr24_processed.json
No changes needed for processed_transcripts/5aId1F_kr24_processed.json
Processing file: processed_transcripts/hPcJPFpJ_lM_processed.json
No changes needed for processed_transcripts/hPcJPFpJ_lM_processed.json
Processing file: processed_transcripts/DFT8Gg9wThI_processed.json
No changes needed for processed_transcripts/DFT8Gg9wThI_processed.json
Processing file: processed_transcripts/HcWY9Rqcssk_processed.json
No changes needed for processed_transcripts/HcWY9Rqcssk_processed.json
Processing file: processed_transcripts/1axDClx9vWQ_processed.json
No changes needed for processed_transcripts/1axDClx9vWQ_processed.json
Processing file: processed_transcripts/ztzkZ6rc_JA_processed.json
No changes needed for processed_transcripts/ztzkZ6rc_JA_processed.json
Processing file: processed_transcripts/YFGKUlyEjXc_processed.json
No changes needed for processed_transcripts/YFGKUlyEjXc_processed.json
Processing file: processed_transcripts/mFhrX7bFrxM_processed.json
No changes needed for processed_transcripts/mFhrX7bFrxM_processed.json
Processing file: processed_transcripts/WglROZAI_SI_processed.json
No changes needed for processed_transcripts/WglROZAI_SI_processed.json
Processing file: processed_transcripts/X_uVb-PoRnM_processed.json
No changes needed for processed_transcripts/X_uVb-PoRnM_processed.json
Processing file: processed_transcripts/wB5s_9rthn4_processed.json
No changes needed for processed_transcripts/wB5s_9rthn4_processed.json
Processing file: processed_transcripts/aio6XczsFFc_processed.json
No changes needed for processed_transcripts/aio6XczsFFc_processed.json
Processing file: processed_transcripts/4HHoWqBsc84_processed.json
No changes needed for processed_transcripts/4HHoWqBsc84_processed.json
Processing file: processed_transcripts/POw4SNUpWPc_processed.json
No changes needed for processed_transcripts/POw4SNUpWPc_processed.json
Processing file: processed_transcripts/9nxH1G2yGtg_processed.json
No changes needed for processed_transcripts/9nxH1G2yGtg_processed.json
Processing file: processed_transcripts/zT5fLCxdjDA_processed.json
No changes needed for processed_transcripts/zT5fLCxdjDA_processed.json
Processing file: processed_transcripts/3sYsqAWBo80_processed.json
No changes needed for processed_transcripts/3sYsqAWBo80_processed.json
Processing file: processed_transcripts/3STDqRx1o8w_processed.json
No changes needed for processed_transcripts/3STDqRx1o8w_processed.json
Processing file: processed_transcripts/teMEf3mtxEA_processed.json
No changes needed for processed_transcripts/teMEf3mtxEA_processed.json
Processing file: processed_transcripts/QZUk0K75gu8_processed.json
No changes needed for processed_transcripts/QZUk0K75gu8_processed.json
Processing file: processed_transcripts/-8XV5_gBP6I_processed.json
No changes needed for processed_transcripts/-8XV5_gBP6I_processed.json
Processing file: processed_transcripts/iS-EvlwliI8_processed.json
No changes needed for processed_transcripts/iS-EvlwliI8_processed.json
Processing file: processed_transcripts/_bB29g2ofI0_processed.json
No changes needed for processed_transcripts/_bB29g2ofI0_processed.json
Processing file: processed_transcripts/-yvQLv-q9uk_processed.json
No changes needed for processed_transcripts/-yvQLv-q9uk_processed.json
Processing file: processed_transcripts/UZOcepy6VxY_processed.json
No changes needed for processed_transcripts/UZOcepy6VxY_processed.json
Processing file: processed_transcripts/p46fZqTgT6E_processed.json
No changes needed for processed_transcripts/p46fZqTgT6E_processed.json
Processing file: processed_transcripts/n2eS41ckh5A_processed.json
No changes needed for processed_transcripts/n2eS41ckh5A_processed.json
Processing file: processed_transcripts/bZ4I9a-QYlw_processed.json
No changes needed for processed_transcripts/bZ4I9a-QYlw_processed.json
Processing file: processed_transcripts/ge560JirQ_8_processed.json
No changes needed for processed_transcripts/ge560JirQ_8_processed.json
Processing file: processed_transcripts/-M_lC4RVmvM_processed.json
No changes needed for processed_transcripts/-M_lC4RVmvM_processed.json
Processing file: processed_transcripts/mvxthWIMMTU_processed.json
No changes needed for processed_transcripts/mvxthWIMMTU_processed.json
Processing file: processed_transcripts/fG_WirPbFrE_processed.json
No changes needed for processed_transcripts/fG_WirPbFrE_processed.json
Processing file: processed_transcripts/j7hF0WXnfxA_processed.json
No changes needed for processed_transcripts/j7hF0WXnfxA_processed.json
Processing file: processed_transcripts/0-BUA66HVWg_processed.json
No changes needed for processed_transcripts/0-BUA66HVWg_processed.json
Processing file: processed_transcripts/QmF0V4wKdw4_processed.json
No changes needed for processed_transcripts/QmF0V4wKdw4_processed.json
Processing file: processed_transcripts/IosIPXnYxq0_processed.json
No changes needed for processed_transcripts/IosIPXnYxq0_processed.json
Processing file: processed_transcripts/Tph4DYCoyqI_processed.json
No changes needed for processed_transcripts/Tph4DYCoyqI_processed.json
Processing file: processed_transcripts/w8z381jhxd4_processed.json
No changes needed for processed_transcripts/w8z381jhxd4_processed.json
Processing file: processed_transcripts/DLhIhRsAyLk_processed.json
No changes needed for processed_transcripts/DLhIhRsAyLk_processed.json
Processing file: processed_transcripts/nb31lb9UCrk_processed.json
No changes needed for processed_transcripts/nb31lb9UCrk_processed.json
Processing file: processed_transcripts/sO6MeSuuOXA_processed.json
No changes needed for processed_transcripts/sO6MeSuuOXA_processed.json
Processing file: processed_transcripts/mguT9A4DuBY_processed.json
No changes needed for processed_transcripts/mguT9A4DuBY_processed.json
Processing file: processed_transcripts/O79HiUNmYUw_processed.json
No changes needed for processed_transcripts/O79HiUNmYUw_processed.json
Processing file: processed_transcripts/7YJRaNJjh00_processed.json
No changes needed for processed_transcripts/7YJRaNJjh00_processed.json
Processing file: processed_transcripts/iCPgZN_UxQw_processed.json
No changes needed for processed_transcripts/iCPgZN_UxQw_processed.json
Processing file: processed_transcripts/xOMa0r5zaMg_processed.json
No changes needed for processed_transcripts/xOMa0r5zaMg_processed.json
Processing file: processed_transcripts/gnABTnW-KX8_processed.json
No changes needed for processed_transcripts/gnABTnW-KX8_processed.json
Processing file: processed_transcripts/y5GQnScUto0_processed.json
No changes needed for processed_transcripts/y5GQnScUto0_processed.json
Processing file: processed_transcripts/DB6bc4LmKM4_processed.json
No changes needed for processed_transcripts/DB6bc4LmKM4_processed.json
Processing file: processed_transcripts/FCHbsEEpzqw_processed.json
No changes needed for processed_transcripts/FCHbsEEpzqw_processed.json
Processing file: processed_transcripts/Nfuui1cwi1w_processed.json
No changes needed for processed_transcripts/Nfuui1cwi1w_processed.json
Processing file: processed_transcripts/cDIVSQmRYBQ_processed.json
No changes needed for processed_transcripts/cDIVSQmRYBQ_processed.json
Processing file: processed_transcripts/7wMdBbbfWZg_processed.json
No changes needed for processed_transcripts/7wMdBbbfWZg_processed.json
Processing file: processed_transcripts/fp7kppTc384_processed.json
No changes needed for processed_transcripts/fp7kppTc384_processed.json
Processing file: processed_transcripts/NFyBJ03Mq0E_processed.json
No changes needed for processed_transcripts/NFyBJ03Mq0E_processed.json
Processing file: processed_transcripts/NGTdjlIrboo_processed.json
No changes needed for processed_transcripts/NGTdjlIrboo_processed.json
Processing file: processed_transcripts/pw7kSyyX_BE_processed.json
No changes needed for processed_transcripts/pw7kSyyX_BE_processed.json
Processing file: processed_transcripts/rSsEepQGiK0_processed.json
No changes needed for processed_transcripts/rSsEepQGiK0_processed.json
Processing file: processed_transcripts/0gle3um9MoE_processed.json
No changes needed for processed_transcripts/0gle3um9MoE_processed.json
Processing file: processed_transcripts/MJdXttzj07k_processed.json
No changes needed for processed_transcripts/MJdXttzj07k_processed.json
Processing file: processed_transcripts/TuxlzeD0RiQ_processed.json
No changes needed for processed_transcripts/TuxlzeD0RiQ_processed.json
Processing file: processed_transcripts/leqZ4DsC178_processed.json
No changes needed for processed_transcripts/leqZ4DsC178_processed.json
Processing file: processed_transcripts/wuYfqg15jHE_processed.json
No changes needed for processed_transcripts/wuYfqg15jHE_processed.json
Processing file: processed_transcripts/who9YWwLSNg_processed.json
No changes needed for processed_transcripts/who9YWwLSNg_processed.json
Processing file: processed_transcripts/1jDrPx6lOgM_processed.json
No changes needed for processed_transcripts/1jDrPx6lOgM_processed.json
Processing file: processed_transcripts/zdgAPRVOcwE_processed.json
No changes needed for processed_transcripts/zdgAPRVOcwE_processed.json
Processing file: processed_transcripts/a02m0ETxjkk_processed.json
No changes needed for processed_transcripts/a02m0ETxjkk_processed.json
Processing file: processed_transcripts/igz0IoUJHhk_processed.json
No changes needed for processed_transcripts/igz0IoUJHhk_processed.json
Processing file: processed_transcripts/cHPNVLWHf8k_processed.json
No changes needed for processed_transcripts/cHPNVLWHf8k_processed.json
Processing file: processed_transcripts/1ILbgbgxl3A_processed.json
No changes needed for processed_transcripts/1ILbgbgxl3A_processed.json
Processing file: processed_transcripts/btR9-SRsxLU_processed.json
No changes needed for processed_transcripts/btR9-SRsxLU_processed.json
Processing file: processed_transcripts/v4R96xNjEV4_processed.json
No changes needed for processed_transcripts/v4R96xNjEV4_processed.json
Processing file: processed_transcripts/llug0_5XK9Q_processed.json
No changes needed for processed_transcripts/llug0_5XK9Q_processed.json
Processing file: processed_transcripts/-Zqys05mhkw_processed.json
No changes needed for processed_transcripts/-Zqys05mhkw_processed.json
Processing file: processed_transcripts/2Dv_fRuuTcc_processed.json
No changes needed for processed_transcripts/2Dv_fRuuTcc_processed.json
Processing file: processed_transcripts/YLxbPvt79ho_processed.json
No changes needed for processed_transcripts/YLxbPvt79ho_processed.json
Processing file: processed_transcripts/ITG5Za7EH4o_processed.json
No changes needed for processed_transcripts/ITG5Za7EH4o_processed.json
Processing file: processed_transcripts/pXR7cHrPOV4_processed.json
No changes needed for processed_transcripts/pXR7cHrPOV4_processed.json
Processing file: processed_transcripts/j4-v_JEq8Sw_processed.json
No changes needed for processed_transcripts/j4-v_JEq8Sw_processed.json
Processing file: processed_transcripts/j-ZxrbKG9SE_processed.json
No changes needed for processed_transcripts/j-ZxrbKG9SE_processed.json
Processing file: processed_transcripts/yiJUN_54_wE_processed.json
No changes needed for processed_transcripts/yiJUN_54_wE_processed.json
Processing file: processed_transcripts/felr_mdjCKI_processed.json
No changes needed for processed_transcripts/felr_mdjCKI_processed.json
Processing file: processed_transcripts/Cgjrux0qk9U_processed.json
No changes needed for processed_transcripts/Cgjrux0qk9U_processed.json
Processing file: processed_transcripts/RJPIDB___YE_processed.json
No changes needed for processed_transcripts/RJPIDB___YE_processed.json
Processing file: processed_transcripts/FUNC-MTq9PQ_processed.json
No changes needed for processed_transcripts/FUNC-MTq9PQ_processed.json
Processing file: processed_transcripts/p5jeGg0pCl4_processed.json
No changes needed for processed_transcripts/p5jeGg0pCl4_processed.json
Processing file: processed_transcripts/u7Q26iOXaHo_processed.json
No changes needed for processed_transcripts/u7Q26iOXaHo_processed.json
Processing file: processed_transcripts/TTX-FFvReOk_processed.json
No changes needed for processed_transcripts/TTX-FFvReOk_processed.json
Processing file: processed_transcripts/6Ifus0KfJYQ_processed.json
No changes needed for processed_transcripts/6Ifus0KfJYQ_processed.json
Processing file: processed_transcripts/P3HXJxM0S0M_processed.json
No changes needed for processed_transcripts/P3HXJxM0S0M_processed.json
Processing file: processed_transcripts/0kXY1hY--Ww_processed.json
No changes needed for processed_transcripts/0kXY1hY--Ww_processed.json
Processing file: processed_transcripts/EvZE2RIwFE4_processed.json
No changes needed for processed_transcripts/EvZE2RIwFE4_processed.json
Processing file: processed_transcripts/kKj42RQqR7o_processed.json
No changes needed for processed_transcripts/kKj42RQqR7o_processed.json
Processing file: processed_transcripts/6CGcvPIONZs_processed.json
No changes needed for processed_transcripts/6CGcvPIONZs_processed.json
Processing file: processed_transcripts/f-PI_SmDAic_processed.json
No changes needed for processed_transcripts/f-PI_SmDAic_processed.json
Processing file: processed_transcripts/eyHC3-yuANg_processed.json
No changes needed for processed_transcripts/eyHC3-yuANg_processed.json
Processing file: processed_transcripts/Udy0f07p2O8_processed.json
No changes needed for processed_transcripts/Udy0f07p2O8_processed.json
Processing file: processed_transcripts/7gLvDWJK2gg_processed.json
No changes needed for processed_transcripts/7gLvDWJK2gg_processed.json
Processing file: processed_transcripts/hjiPb_i5UaA_processed.json
No changes needed for processed_transcripts/hjiPb_i5UaA_processed.json
Processing file: processed_transcripts/rZ58N_x3wqw_processed.json
No changes needed for processed_transcripts/rZ58N_x3wqw_processed.json
Processing file: processed_transcripts/MdxKwCONOxk_processed.json
No changes needed for processed_transcripts/MdxKwCONOxk_processed.json
Processing file: processed_transcripts/wS7sjV_UOMw_processed.json
No changes needed for processed_transcripts/wS7sjV_UOMw_processed.json
Processing file: processed_transcripts/JIliIgFYrmE_processed.json
No changes needed for processed_transcripts/JIliIgFYrmE_processed.json
Processing file: processed_transcripts/ov3HItjq5AU_processed.json
No changes needed for processed_transcripts/ov3HItjq5AU_processed.json
Processing file: processed_transcripts/EzfR61qH4DI_processed.json
No changes needed for processed_transcripts/EzfR61qH4DI_processed.json
Processing file: processed_transcripts/HpuG8zJ193E_processed.json
No changes needed for processed_transcripts/HpuG8zJ193E_processed.json
Processing file: processed_transcripts/QeesqIsDnrA_processed.json
No changes needed for processed_transcripts/QeesqIsDnrA_processed.json
Processing file: processed_transcripts/V02I6eAjSvU_processed.json
No changes needed for processed_transcripts/V02I6eAjSvU_processed.json
Processing file: processed_transcripts/ykdgVhC4sm0_processed.json
No changes needed for processed_transcripts/ykdgVhC4sm0_processed.json
Processing file: processed_transcripts/XG_sFyM1oeo_processed.json
No changes needed for processed_transcripts/XG_sFyM1oeo_processed.json
Processing file: processed_transcripts/-NzEb1zc1bw_processed.json
No changes needed for processed_transcripts/-NzEb1zc1bw_processed.json
Processing file: processed_transcripts/Ov-eX7b7Ai0_processed.json
No changes needed for processed_transcripts/Ov-eX7b7Ai0_processed.json
Processing file: processed_transcripts/k5BHQiGAMFo_processed.json
No changes needed for processed_transcripts/k5BHQiGAMFo_processed.json
Processing file: processed_transcripts/YY0b7ShDies_processed.json
No changes needed for processed_transcripts/YY0b7ShDies_processed.json
Processing file: processed_transcripts/w-WUcnosQ0c_processed.json
No changes needed for processed_transcripts/w-WUcnosQ0c_processed.json
Processing file: processed_transcripts/2I6SPZjnjew_processed.json
No changes needed for processed_transcripts/2I6SPZjnjew_processed.json
Processing file: processed_transcripts/Rlw_-sR5jm0_processed.json
No changes needed for processed_transcripts/Rlw_-sR5jm0_processed.json
Processing file: processed_transcripts/0qcfwt6wf2I_processed.json
No changes needed for processed_transcripts/0qcfwt6wf2I_processed.json
Processing file: processed_transcripts/i_TOxBb1d58_processed.json
No changes needed for processed_transcripts/i_TOxBb1d58_processed.json
Processing file: processed_transcripts/uVw2BEE2sbo_processed.json
No changes needed for processed_transcripts/uVw2BEE2sbo_processed.json
Processing file: processed_transcripts/agxpd8R-YWg_processed.json
No changes needed for processed_transcripts/agxpd8R-YWg_processed.json
Processing file: processed_transcripts/HuQJywyMaT0_processed.json
No changes needed for processed_transcripts/HuQJywyMaT0_processed.json
Processing file: processed_transcripts/qZCwehXEWys_processed.json
No changes needed for processed_transcripts/qZCwehXEWys_processed.json
Processing file: processed_transcripts/YGm5Rh1b1uc_processed.json
No changes needed for processed_transcripts/YGm5Rh1b1uc_processed.json
Processing file: processed_transcripts/s9DJi1qT95s_processed.json
No changes needed for processed_transcripts/s9DJi1qT95s_processed.json
Processing file: processed_transcripts/luhrNt11h0o_processed.json
No changes needed for processed_transcripts/luhrNt11h0o_processed.json
Processing file: processed_transcripts/FbCrTP3rBjY_processed.json
No changes needed for processed_transcripts/FbCrTP3rBjY_processed.json
Processing file: processed_transcripts/mTcCXvFnEuA_processed.json
No changes needed for processed_transcripts/mTcCXvFnEuA_processed.json
Processing file: processed_transcripts/tvNQQmOc3t0_processed.json
No changes needed for processed_transcripts/tvNQQmOc3t0_processed.json
Processing file: processed_transcripts/Trvn5shhS8c_processed.json
No changes needed for processed_transcripts/Trvn5shhS8c_processed.json
Processing file: processed_transcripts/Ig1z2u_lK4k_processed.json
No changes needed for processed_transcripts/Ig1z2u_lK4k_processed.json
Processing file: processed_transcripts/SC9KjFkDXco_processed.json
No changes needed for processed_transcripts/SC9KjFkDXco_processed.json
Processing file: processed_transcripts/YuRM8JxNQzQ_processed.json
No changes needed for processed_transcripts/YuRM8JxNQzQ_processed.json
Processing file: processed_transcripts/F4QoJDjF4pA_processed.json
No changes needed for processed_transcripts/F4QoJDjF4pA_processed.json
Processing file: processed_transcripts/nSZp-hUSjdk_processed.json
No changes needed for processed_transcripts/nSZp-hUSjdk_processed.json
Processing file: processed_transcripts/h6XH1IQRhC0_processed.json
No changes needed for processed_transcripts/h6XH1IQRhC0_processed.json
Processing file: processed_transcripts/ILHEm19JYs8_processed.json
No changes needed for processed_transcripts/ILHEm19JYs8_processed.json
Processing file: processed_transcripts/qN1fw2Ckkd8_processed.json
No changes needed for processed_transcripts/qN1fw2Ckkd8_processed.json
Processing file: processed_transcripts/aCj7f_NDuFA_processed.json
No changes needed for processed_transcripts/aCj7f_NDuFA_processed.json
Processing file: processed_transcripts/4ountK1Wflc_processed.json
No changes needed for processed_transcripts/4ountK1Wflc_processed.json
Processing file: processed_transcripts/CjLt6G24QyA_processed.json
No changes needed for processed_transcripts/CjLt6G24QyA_processed.json
Processing file: processed_transcripts/WBN4Ph5Qz38_processed.json
No changes needed for processed_transcripts/WBN4Ph5Qz38_processed.json
Processing file: processed_transcripts/SAAznQCMSco_processed.json
No changes needed for processed_transcripts/SAAznQCMSco_processed.json
Processing file: processed_transcripts/IFtkGhU5FjA_processed.json
No changes needed for processed_transcripts/IFtkGhU5FjA_processed.json
Processing file: processed_transcripts/sample-YGjN_processed.json
No changes needed for processed_transcripts/sample-YGjN_processed.json
Processing file: processed_transcripts/WA9ZhjJp974_processed.json
No changes needed for processed_transcripts/WA9ZhjJp974_processed.json
Processing file: processed_transcripts/MpkbcFWS9pk_processed.json
No changes needed for processed_transcripts/MpkbcFWS9pk_processed.json
Processing file: processed_transcripts/zh8nGigE4Tk_processed.json
No changes needed for processed_transcripts/zh8nGigE4Tk_processed.json
Processing file: processed_transcripts/OeAIWXkOaNY_processed.json
No changes needed for processed_transcripts/OeAIWXkOaNY_processed.json
Processing file: processed_transcripts/92W1K8z2DKU_processed.json
No changes needed for processed_transcripts/92W1K8z2DKU_processed.json
Processing file: processed_transcripts/ToCr_B-i9mI_processed.json
No changes needed for processed_transcripts/ToCr_B-i9mI_processed.json
Processing file: processed_transcripts/mRy0jU6HJ_8_processed.json
No changes needed for processed_transcripts/mRy0jU6HJ_8_processed.json
Processing file: processed_transcripts/m7gAGvmmmHo_processed.json
No changes needed for processed_transcripts/m7gAGvmmmHo_processed.json
Processing file: processed_transcripts/xDEpkL2JB-c_processed.json
No changes needed for processed_transcripts/xDEpkL2JB-c_processed.json
Processing file: processed_transcripts/A1el6GdNjOA_processed.json
No changes needed for processed_transcripts/A1el6GdNjOA_processed.json
Processing file: processed_transcripts/qwHiIskfHcs_processed.json
No changes needed for processed_transcripts/qwHiIskfHcs_processed.json
Processing file: processed_transcripts/Pq5TK9_5H40_processed.json
No changes needed for processed_transcripts/Pq5TK9_5H40_processed.json
Processing file: processed_transcripts/NFmt1vpYpMw_processed.json
No changes needed for processed_transcripts/NFmt1vpYpMw_processed.json
Processing file: processed_transcripts/Uu3DwGTOYHY_processed.json
No changes needed for processed_transcripts/Uu3DwGTOYHY_processed.json
Processing file: processed_transcripts/svpivGlCu1g_processed.json
No changes needed for processed_transcripts/svpivGlCu1g_processed.json
Processing file: processed_transcripts/ZugV9gXmmIg_processed.json
No changes needed for processed_transcripts/ZugV9gXmmIg_processed.json
Processing file: processed_transcripts/5OQNi5AthOk_processed.json
No changes needed for processed_transcripts/5OQNi5AthOk_processed.json
Processing file: processed_transcripts/8qAZX9Lx0Z0_processed.json
No changes needed for processed_transcripts/8qAZX9Lx0Z0_processed.json
Processing file: processed_transcripts/2wlur2p61Mg_processed.json
No changes needed for processed_transcripts/2wlur2p61Mg_processed.json
Processing file: processed_transcripts/TQe-HW7-x5I_processed.json
No changes needed for processed_transcripts/TQe-HW7-x5I_processed.json
Processing file: processed_transcripts/P7vZRYmsOq8_processed.json
No changes needed for processed_transcripts/P7vZRYmsOq8_processed.json
Processing file: processed_transcripts/KJbt4Bi-59w_processed.json
No changes needed for processed_transcripts/KJbt4Bi-59w_processed.json
Processing file: processed_transcripts/qufmMwkEKho_processed.json
No changes needed for processed_transcripts/qufmMwkEKho_processed.json
Processing file: processed_transcripts/PGmVCL_kf44_processed.json
No changes needed for processed_transcripts/PGmVCL_kf44_processed.json
Processing file: processed_transcripts/r_B4edd6-eU_processed.json
No changes needed for processed_transcripts/r_B4edd6-eU_processed.json
Processing file: processed_transcripts/Dc8Vjr4pZ84_processed.json
No changes needed for processed_transcripts/Dc8Vjr4pZ84_processed.json
Processing file: processed_transcripts/IM2LefSdT5g_processed.json
No changes needed for processed_transcripts/IM2LefSdT5g_processed.json
Processing file: processed_transcripts/QnEymZVCzbo_processed.json
No changes needed for processed_transcripts/QnEymZVCzbo_processed.json
Processing file: processed_transcripts/TO2MJkfJnbY_processed.json
No changes needed for processed_transcripts/TO2MJkfJnbY_processed.json
Processing file: processed_transcripts/SMZTy4X81UI_processed.json
No changes needed for processed_transcripts/SMZTy4X81UI_processed.json
Processing file: processed_transcripts/Co4TngkoAyg_processed.json
No changes needed for processed_transcripts/Co4TngkoAyg_processed.json
Processing file: processed_transcripts/YtZRjmZm8xY_processed.json
No changes needed for processed_transcripts/YtZRjmZm8xY_processed.json
Processing file: processed_transcripts/rKr1cIoI4kY_processed.json
No changes needed for processed_transcripts/rKr1cIoI4kY_processed.json
Processing file: processed_transcripts/nPARjjWpgVM_processed.json
No changes needed for processed_transcripts/nPARjjWpgVM_processed.json
Processing file: processed_transcripts/RAj7HHErd4o_processed.json
No changes needed for processed_transcripts/RAj7HHErd4o_processed.json
Processing file: processed_transcripts/uD8Ro6U31Xo_processed.json
No changes needed for processed_transcripts/uD8Ro6U31Xo_processed.json
Processing file: processed_transcripts/bJCxJsuhWc4_processed.json
No changes needed for processed_transcripts/bJCxJsuhWc4_processed.json
Processing file: processed_transcripts/YDA449Fkwj4_processed.json
No changes needed for processed_transcripts/YDA449Fkwj4_processed.json
Processing file: processed_transcripts/V5O4XLgPLLc_processed.json
No changes needed for processed_transcripts/V5O4XLgPLLc_processed.json
Processing file: processed_transcripts/yRUDAtVL74w_processed.json
No changes needed for processed_transcripts/yRUDAtVL74w_processed.json
Processing file: processed_transcripts/n_LVYwnBcJY_processed.json
No changes needed for processed_transcripts/n_LVYwnBcJY_processed.json
Processing file: processed_transcripts/eZny4G7_4yY_processed.json
No changes needed for processed_transcripts/eZny4G7_4yY_processed.json
Processing file: processed_transcripts/RQ7Lo18BwL8_processed.json
No changes needed for processed_transcripts/RQ7Lo18BwL8_processed.json
Processing file: processed_transcripts/TjjfgZ7o68I_processed.json
No changes needed for processed_transcripts/TjjfgZ7o68I_processed.json
Processing file: processed_transcripts/oKKtoZ-v7as_processed.json
No changes needed for processed_transcripts/oKKtoZ-v7as_processed.json
Processing file: processed_transcripts/O8mP2Ine9ZQ_processed.json
No changes needed for processed_transcripts/O8mP2Ine9ZQ_processed.json
Processing file: processed_transcripts/8U4dz8MZL70_processed.json
No changes needed for processed_transcripts/8U4dz8MZL70_processed.json
Processing file: processed_transcripts/wLaiOoVm99Q_processed.json
No changes needed for processed_transcripts/wLaiOoVm99Q_processed.json
Processing file: processed_transcripts/lx5bFeaCCZA_processed.json
No changes needed for processed_transcripts/lx5bFeaCCZA_processed.json
Processing file: processed_transcripts/H3xXeI3rJHk_processed.json
No changes needed for processed_transcripts/H3xXeI3rJHk_processed.json
Processing file: processed_transcripts/efWEgEzrBAI_processed.json
No changes needed for processed_transcripts/efWEgEzrBAI_processed.json
Processing file: processed_transcripts/VToMimSy2mg_processed.json
No changes needed for processed_transcripts/VToMimSy2mg_processed.json
Processing file: processed_transcripts/hp6dxITu8Dk_processed.json
No changes needed for processed_transcripts/hp6dxITu8Dk_processed.json
Processing file: processed_transcripts/YtOObiXC6E8_processed.json
No changes needed for processed_transcripts/YtOObiXC6E8_processed.json
Processing file: processed_transcripts/Zy9QO0gijAA_processed.json
No changes needed for processed_transcripts/Zy9QO0gijAA_processed.json
Processing file: processed_transcripts/h2D2trUqgDI_processed.json
No changes needed for processed_transcripts/h2D2trUqgDI_processed.json
Processing file: processed_transcripts/1O0HX-C-4PU_processed.json
No changes needed for processed_transcripts/1O0HX-C-4PU_processed.json
Processing file: processed_transcripts/vpcmDvmrwYI_processed.json
No changes needed for processed_transcripts/vpcmDvmrwYI_processed.json
Processing file: processed_transcripts/A9Uq-DNAV2I_processed.json
No changes needed for processed_transcripts/A9Uq-DNAV2I_processed.json
Processing file: processed_transcripts/dYfq58DkY5c_processed.json
No changes needed for processed_transcripts/dYfq58DkY5c_processed.json
Processing file: processed_transcripts/KnORuwpxylI_processed.json
No changes needed for processed_transcripts/KnORuwpxylI_processed.json
Processing file: processed_transcripts/X1Hca7h6eBQ_processed.json
No changes needed for processed_transcripts/X1Hca7h6eBQ_processed.json
Processing file: processed_transcripts/cRntDv1akM0_processed.json
No changes needed for processed_transcripts/cRntDv1akM0_processed.json
Processing file: processed_transcripts/d7uSUH3PqQM_processed.json
No changes needed for processed_transcripts/d7uSUH3PqQM_processed.json
Processing file: processed_transcripts/yZrRPBztMOA_processed.json
No changes needed for processed_transcripts/yZrRPBztMOA_processed.json
Processing file: processed_transcripts/PxjxVC--8mQ_processed.json
No changes needed for processed_transcripts/PxjxVC--8mQ_processed.json
Processing file: processed_transcripts/wh2h-43aK2A_processed.json
No changes needed for processed_transcripts/wh2h-43aK2A_processed.json
Processing file: processed_transcripts/DRzKRGizkXw_processed.json
No changes needed for processed_transcripts/DRzKRGizkXw_processed.json
Processing file: processed_transcripts/RG_ZzRP4mNM_processed.json
No changes needed for processed_transcripts/RG_ZzRP4mNM_processed.json
Processing file: processed_transcripts/eHurZBXO5ck_processed.json
No changes needed for processed_transcripts/eHurZBXO5ck_processed.json
Processing file: processed_transcripts/fzWYHaO3za4_processed.json
No changes needed for processed_transcripts/fzWYHaO3za4_processed.json
Processing file: processed_transcripts/GK4RmROuNKA_processed.json
No changes needed for processed_transcripts/GK4RmROuNKA_processed.json
Processing file: processed_transcripts/_HnN44SoAP8_processed.json
No changes needed for processed_transcripts/_HnN44SoAP8_processed.json
Processing file: processed_transcripts/nqktZSJBNdE_processed.json
No changes needed for processed_transcripts/nqktZSJBNdE_processed.json
Processing file: processed_transcripts/7oeYFxfqQyI_processed.json
No changes needed for processed_transcripts/7oeYFxfqQyI_processed.json
Processing file: processed_transcripts/-mD-g1Io3II_processed.json
No changes needed for processed_transcripts/-mD-g1Io3II_processed.json
Processing file: processed_transcripts/dtpj5VcLnjg_processed.json
No changes needed for processed_transcripts/dtpj5VcLnjg_processed.json
Processing file: processed_transcripts/_t53iptQdcY_processed.json
No changes needed for processed_transcripts/_t53iptQdcY_processed.json
Processing file: processed_transcripts/VDVb18yCyx8_processed.json
No changes needed for processed_transcripts/VDVb18yCyx8_processed.json
Processing file: processed_transcripts/IIcSjkSS80k_processed.json
No changes needed for processed_transcripts/IIcSjkSS80k_processed.json
Processing file: processed_transcripts/NV9OiepF6M0_processed.json
No changes needed for processed_transcripts/NV9OiepF6M0_processed.json
Processing file: processed_transcripts/chpZ11DjfSU_processed.json
No changes needed for processed_transcripts/chpZ11DjfSU_processed.json
Processing file: processed_transcripts/bdXfCa4LSh4_processed.json
No changes needed for processed_transcripts/bdXfCa4LSh4_processed.json
Processing file: processed_transcripts/nxxdC4PK2BI_processed.json
No changes needed for processed_transcripts/nxxdC4PK2BI_processed.json
Processing file: processed_transcripts/uXLs5JCfZJI_processed.json
No changes needed for processed_transcripts/uXLs5JCfZJI_processed.json
Processing file: processed_transcripts/pbtz6PHj39E_processed.json
No changes needed for processed_transcripts/pbtz6PHj39E_processed.json
Processing file: processed_transcripts/6vQeTS9cyk0_processed.json
No changes needed for processed_transcripts/6vQeTS9cyk0_processed.json
Processing file: processed_transcripts/4Ksbe6bpV8o_processed.json
No changes needed for processed_transcripts/4Ksbe6bpV8o_processed.json
Processing file: processed_transcripts/SjjhNzFg66s_processed.json
No changes needed for processed_transcripts/SjjhNzFg66s_processed.json
Processing file: processed_transcripts/l5k56cSP-Bs_processed.json
No changes needed for processed_transcripts/l5k56cSP-Bs_processed.json
Processing file: processed_transcripts/BSRH0cjr3PE_processed.json
No changes needed for processed_transcripts/BSRH0cjr3PE_processed.json
Processing file: processed_transcripts/JkLLg4S1tXk_processed.json
No changes needed for processed_transcripts/JkLLg4S1tXk_processed.json
Processing file: processed_transcripts/cz-aR_GUcXw_processed.json
No changes needed for processed_transcripts/cz-aR_GUcXw_processed.json
Processing file: processed_transcripts/0BI8bymKOIE_processed.json
No changes needed for processed_transcripts/0BI8bymKOIE_processed.json
Processing file: processed_transcripts/tmJpAECNhnE_processed.json
No changes needed for processed_transcripts/tmJpAECNhnE_processed.json
Processing file: processed_transcripts/NxU5WXfFKC8_processed.json
No changes needed for processed_transcripts/NxU5WXfFKC8_processed.json
Processing file: processed_transcripts/6lIx0wSsN7Y_processed.json
No changes needed for processed_transcripts/6lIx0wSsN7Y_processed.json
Processing file: processed_transcripts/ew-PJBDnQYc_processed.json
No changes needed for processed_transcripts/ew-PJBDnQYc_processed.json
Processing file: processed_transcripts/4kj4Cp-qbsE_processed.json
No changes needed for processed_transcripts/4kj4Cp-qbsE_processed.json
Processing file: processed_transcripts/9AKqzGkSWmg_processed.json
No changes needed for processed_transcripts/9AKqzGkSWmg_processed.json
Processing file: processed_transcripts/bS81-wgP3-E_processed.json
No changes needed for processed_transcripts/bS81-wgP3-E_processed.json
Processing file: processed_transcripts/bwXQblAyWc0_processed.json
No changes needed for processed_transcripts/bwXQblAyWc0_processed.json
Processing file: processed_transcripts/zzhQHx9uWno_processed.json
No changes needed for processed_transcripts/zzhQHx9uWno_processed.json
Processing file: processed_transcripts/b4MsuxMBYGo_processed.json
No changes needed for processed_transcripts/b4MsuxMBYGo_processed.json
Processing file: processed_transcripts/utJ76_O6BNI_processed.json
No changes needed for processed_transcripts/utJ76_O6BNI_processed.json
Fixed URLs in 0 out of 355 files
